#
# There is insufficient memory for the Java Runtime Environment to continue.
# Native memory allocation (mmap) failed to map 2147483648 bytes for G1 virtual space
# Possible reasons:
#   The system is out of physical RAM or swap space
#   The process is running with CompressedOops enabled, and the Java Heap may be blocking the growth of the native heap
# Possible solutions:
#   Reduce memory load on the system
#   Increase physical memory or swap space
#   Check if swap backing store is full
#   Decrease Java heap size (-Xmx/-Xms)
#   Decrease number of Java threads
#   Decrease Java thread stack sizes (-Xss)
#   Set larger code cache with -XX:ReservedCodeCacheSize=
#   JVM is running with Zero Based Compressed Oops mode in which the Java heap is
#     placed in the first 32GB address space. The Java Heap base address is the
#     maximum limit for the native heap growth. Please use -XX:HeapBaseMinAddress
#     to set the Java Heap base and to place the Java Heap above 32GB virtual address.
# This output file may be truncated or incomplete.
#
#  Out of Memory Error (os_windows.cpp:3466), pid=11560, tid=12944
#
# JRE version:  (16.0.1+9) (build )
# Java VM: OpenJDK 64-Bit Server VM (16.0.1+9-24, mixed mode, sharing, tiered, compressed oops, compressed class ptrs, g1 gc, windows-amd64)
# No core dump will be written. Minidumps are not enabled by default on client versions of Windows
#

---------------  S U M M A R Y ------------

Command Line: -Dosgi.requiredJavaVersion=11 -Dosgi.dataAreaRequiresExplicitInit=true -Xms2048m -Xmx3072m -Declipse.p2.max.thread=10 --add-modules=ALL-SYSTEM 

Host: Intel(R) Core(TM) i5-6500 CPU @ 3.20GHz, 4 cores, 7G,  Windows 10 , 64 bit Build 19041 (10.0.19041.1023)
Time: Mon Aug  2 12:30:31 2021 India Standard Time elapsed time: 0.018738 seconds (0d 0h 0m 0s)

---------------  T H R E A D  ---------------

Current thread (0x00000000033b5230):  JavaThread "Unknown thread" [_thread_in_vm, id=12944, stack(0x0000000000d00000,0x0000000000e00000)]

Stack: [0x0000000000d00000,0x0000000000e00000]
Native frames: (J=compiled Java code, j=interpreted, Vv=VM code, C=native code)
V  [jvm.dll+0x6687ca]
V  [jvm.dll+0x7ca3c9]
V  [jvm.dll+0x7cbb53]
V  [jvm.dll+0x7cc1b3]
V  [jvm.dll+0x242ea5]
V  [jvm.dll+0x665589]
V  [jvm.dll+0x65a175]
V  [jvm.dll+0x2fc5ab]
V  [jvm.dll+0x3037a6]
V  [jvm.dll+0x352fee]
V  [jvm.dll+0x35321f]
V  [jvm.dll+0x2d3618]
V  [jvm.dll+0x2d4854]
V  [jvm.dll+0x79ccb1]
V  [jvm.dll+0x360de1]
V  [jvm.dll+0x77a990]
V  [jvm.dll+0x3e55af]
V  [jvm.dll+0x3e7081]
C  [eclipse_11401.dll+0x77df]
C  [eclipse_11401.dll+0x6551]
C  [eclipse_11401.dll+0x1635]
C  [eclipse_11401.dll+0x1088]
C  [SpringToolSuite4.exe+0x15b8]
C  [SpringToolSuite4.exe+0x101b]
C  [SpringToolSuite4.exe+0x39d6]
C  [KERNEL32.DLL+0x17034]
C  [ntdll.dll+0x52651]


---------------  P R O C E S S  ---------------

Threads class SMR info:
_java_thread_list=0x00007ffff417cbb8, length=0, elements={
}

Java Threads: ( => current thread )

Other Threads:
  0x00000000033f98a0 GCTaskThread "GC Thread#0" [stack: 0x000000001d1b0000,0x000000001d2b0000] [id=10772]
  0x0000000003406f90 ConcurrentGCThread "G1 Main Marker" [stack: 0x000000001d2b0000,0x000000001d3b0000] [id=17684]
  0x0000000003408480 ConcurrentGCThread "G1 Conc#0" [stack: 0x000000001d3b0000,0x000000001d4b0000] [id=2100]

[error occurred during error reporting (printing all threads), id 0xc0000005, EXCEPTION_ACCESS_VIOLATION (0xc0000005) at pc=0x00007ffff39544d7]

VM state: not at safepoint (not fully initialized)

VM Mutex/Monitor currently owned by a thread:  ([mutex/lock_event])
[0x00000000033b0200] Heap_lock - owner thread: 0x00000000033b5230

Heap address: 0x0000000740000000, size: 3072 MB, Compressed Oops mode: Zero based, Oop shift amount: 3

CDS archive(s) mapped at: [0x0000000000000000-0x0000000000000000-0x0000000000000000), size 0, SharedBaseAddress: 0x0000000800000000, ArchiveRelocationMode: 0.
Narrow klass base: 0x0000000000000000, Narrow klass shift: 0, Narrow klass range: 0x0

GC Precious Log:
<Empty>

Heap:
 garbage-first heap   total 0K, used 0K [0x0000000740000000, 0x0000000800000000)
  region size 2048K, 0 young (0K), 0 survivors (0K)

[error occurred during error reporting (printing heap information), id 0xc0000005, EXCEPTION_ACCESS_VIOLATION (0xc0000005) at pc=0x00007ffff3d324ed]

GC Heap History (0 events):
No events

Deoptimization events (0 events):
No events

Classes unloaded (0 events):
No events

Classes redefined (0 events):
No events

Internal exceptions (0 events):
No events

Events (1 events):
Event: 0.012 Loaded shared library C:\Users\10672206\Desktop\sts-4.11.0.RELEASE\plugins\org.eclipse.justj.openjdk.hotspot.jre.full.win32.x86_64_16.0.1.v20210528-1205\jre\bin\java.dll


Dynamic libraries:
0x00007ff6f0820000 - 0x00007ff6f088a000 	C:\Users\10672206\Desktop\sts-4.11.0.RELEASE\SpringToolSuite4.exe
0x00007ff841870000 - 0x00007ff841a65000 	C:\WINDOWS\SYSTEM32\ntdll.dll
0x00007ff83ffc0000 - 0x00007ff84007d000 	C:\WINDOWS\System32\KERNEL32.DLL
0x00007ff83f080000 - 0x00007ff83f348000 	C:\WINDOWS\System32\KERNELBASE.dll
0x00007ff8408f0000 - 0x00007ff840a90000 	C:\WINDOWS\System32\USER32.dll
0x00007ff83f700000 - 0x00007ff83f722000 	C:\WINDOWS\System32\win32u.dll
0x00007ff840840000 - 0x00007ff84086a000 	C:\WINDOWS\System32\GDI32.dll
0x00007ff83f4b0000 - 0x00007ff83f5bb000 	C:\WINDOWS\System32\gdi32full.dll
0x00007ff83efe0000 - 0x00007ff83f07d000 	C:\WINDOWS\System32\msvcp_win.dll
0x00007ff83f790000 - 0x00007ff83f890000 	C:\WINDOWS\System32\ucrtbase.dll
0x00007ff83d0d0000 - 0x00007ff83d36a000 	C:\WINDOWS\WinSxS\amd64_microsoft.windows.common-controls_6595b64144ccf1df_6.0.19041.1052_none_60b8f8fd71f5e8cb\COMCTL32.dll
0x00007ff840270000 - 0x00007ff84030e000 	C:\WINDOWS\System32\msvcrt.dll
0x00007ff840810000 - 0x00007ff840840000 	C:\WINDOWS\System32\IMM32.DLL
0x00007ff83ed10000 - 0x00007ff83ed48000 	C:\Program Files\Citrix\System32\MfApHook64.dll
0x00007ff83ecf0000 - 0x00007ff83ed02000 	C:\Program Files\Citrix\IcaService\FullScreenHook64.dll
0x00007ff83f9b0000 - 0x00007ff83fa5c000 	C:\WINDOWS\System32\ADVAPI32.dll
0x00007ff8401d0000 - 0x00007ff84026b000 	C:\WINDOWS\System32\sechost.dll
0x00007ff8406e0000 - 0x00007ff84080b000 	C:\WINDOWS\System32\RPCRT4.dll
0x00007ff83ecd0000 - 0x00007ff83ece7000 	C:\WINDOWS\SYSTEM32\VCRUNTIME140.dll
0x00007ff83ec30000 - 0x00007ff83ecc9000 	C:\WINDOWS\SYSTEM32\MSVCP140.dll
0x00007ff83e3c0000 - 0x00007ff83e3ea000 	C:\Program Files\Citrix\ICAService\ShellHook64.dll
0x00007ff83f8e0000 - 0x00007ff83f935000 	C:\WINDOWS\System32\SHLWAPI.dll
0x00007ff83e700000 - 0x00007ff83e80a000 	C:\Program Files\Citrix\IcaService\SCardHook64.dll
0x00007ff83e230000 - 0x00007ff83e250000 	C:\Program Files\Citrix\ICAService\cxinjime64.dll
0x0000000077880000 - 0x00000000778b7000 	C:\Program Files\Common Files\McAfee\SystemCore\mfehcinj.dll
0x00007ff83f730000 - 0x00007ff83f790000 	C:\WINDOWS\System32\WINTRUST.dll
0x00007ff83f350000 - 0x00007ff83f4af000 	C:\WINDOWS\System32\CRYPT32.dll
0x00007ff83e4f0000 - 0x00007ff83e502000 	C:\WINDOWS\SYSTEM32\MSASN1.dll
0x0000000077870000 - 0x000000007787e000 	C:\Program Files\Common Files\McAfee\SystemCore\mfehcthe.dll
0x00007ff834250000 - 0x00007ff83427d000 	C:\Program Files\McAfee\Endpoint Security\Adaptive Threat Protection\mfedeeprem64.dll
0x00007ff83fbf0000 - 0x00007ff83fd1a000 	C:\WINDOWS\System32\ole32.dll
0x00007ff840310000 - 0x00007ff840665000 	C:\WINDOWS\System32\combase.dll
0x00007ff840fb0000 - 0x00007ff84107d000 	C:\WINDOWS\System32\OLEAUT32.dll
0x00007ff835a00000 - 0x00007ff835a29000 	C:\Users\10672206\Desktop\sts-4.11.0.RELEASE\plugins\org.eclipse.equinox.launcher.win32.win32.x86_64_1.2.200.v20210429-1609\eclipse_11401.dll
0x00007ff83eba0000 - 0x00007ff83ebaa000 	C:\WINDOWS\SYSTEM32\VERSION.dll
0x00007ffff3670000 - 0x00007ffff421b000 	C:\Users\10672206\Desktop\sts-4.11.0.RELEASE\plugins\org.eclipse.justj.openjdk.hotspot.jre.full.win32.x86_64_16.0.1.v20210528-1205\jre\bin\server\jvm.dll
0x00007ff840670000 - 0x00007ff840678000 	C:\WINDOWS\System32\PSAPI.DLL
0x00007ff8364b0000 - 0x00007ff8364d7000 	C:\WINDOWS\SYSTEM32\WINMM.dll
0x00007ff82c060000 - 0x00007ff82c069000 	C:\WINDOWS\SYSTEM32\WSOCK32.dll
0x00007ff839400000 - 0x00007ff83940c000 	C:\WINDOWS\SYSTEM32\VCRUNTIME140_1.dll
0x00007ff841080000 - 0x00007ff8410eb000 	C:\WINDOWS\System32\WS2_32.dll
0x00007ff837fa0000 - 0x00007ff837faa000 	C:\Users\10672206\Desktop\sts-4.11.0.RELEASE\plugins\org.eclipse.justj.openjdk.hotspot.jre.full.win32.x86_64_16.0.1.v20210528-1205\jre\bin\jimage.dll
0x00007ff83ba70000 - 0x00007ff83bc54000 	C:\WINDOWS\SYSTEM32\DBGHELP.DLL
0x00007ff836480000 - 0x00007ff8364ac000 	C:\WINDOWS\SYSTEM32\dbgcore.DLL
0x00007ff83f670000 - 0x00007ff83f6f3000 	C:\WINDOWS\System32\bcryptPrimitives.dll
0x00007ff833c70000 - 0x00007ff833c95000 	C:\Users\10672206\Desktop\sts-4.11.0.RELEASE\plugins\org.eclipse.justj.openjdk.hotspot.jre.full.win32.x86_64_16.0.1.v20210528-1205\jre\bin\java.dll
0x00007ff83d410000 - 0x00007ff83d422000 	C:\WINDOWS\SYSTEM32\kernel.appcore.dll

dbghelp: loaded successfully - version: 4.0.5 - missing functions: none
symbol engine: initialized successfully - sym options: 0x614 - pdb path: .;C:\Users\10672206\Desktop\sts-4.11.0.RELEASE;C:\WINDOWS\SYSTEM32;C:\WINDOWS\WinSxS\amd64_microsoft.windows.common-controls_6595b64144ccf1df_6.0.19041.1052_none_60b8f8fd71f5e8cb;C:\Program Files\Citrix\System32;C:\Program Files\Citrix\IcaService;C:\Program Files\Common Files\McAfee\SystemCore;C:\Program Files\McAfee\Endpoint Security\Adaptive Threat Protection;C:\Users\10672206\Desktop\sts-4.11.0.RELEASE\plugins\org.eclipse.equinox.launcher.win32.win32.x86_64_1.2.200.v20210429-1609;C:\Users\10672206\Desktop\sts-4.11.0.RELEASE\plugins\org.eclipse.justj.openjdk.hotspot.jre.full.win32.x86_64_16.0.1.v20210528-1205\jre\bin\server;C:\Users\10672206\Desktop\sts-4.11.0.RELEASE\plugins\org.eclipse.justj.openjdk.hotspot.jre.full.win32.x86_64_16.0.1.v20210528-1205\jre\bin

VM Arguments:
jvm_args: -Dosgi.requiredJavaVersion=11 -Dosgi.dataAreaRequiresExplicitInit=true -Xms2048m -Xmx3072m -Declipse.p2.max.thread=10 --add-modules=ALL-SYSTEM 
java_command: <unknown>
java_class_path (initial): C:\Users\10672206\Desktop\sts-4.11.0.RELEASE\\plugins/org.eclipse.equinox.launcher_1.6.200.v20210416-2027.jar
Launcher Type: generic

[Global flags]
     intx CICompilerCount                          = 3                                         {product} {ergonomic}
     uint ConcGCThreads                            = 1                                         {product} {ergonomic}
     uint G1ConcRefinementThreads                  = 4                                         {product} {ergonomic}
   size_t G1HeapRegionSize                         = 2097152                                   {product} {ergonomic}
    uintx GCDrainStackTargetSize                   = 64                                        {product} {ergonomic}
   size_t InitialHeapSize                          = 2147483648                                {product} {command line}
   size_t MarkStackSize                            = 4194304                                   {product} {ergonomic}
   size_t MaxHeapSize                              = 3221225472                                {product} {command line}
   size_t MinHeapDeltaBytes                        = 2097152                                   {product} {ergonomic}
   size_t MinHeapSize                              = 2147483648                                {product} {command line}
    uintx NonNMethodCodeHeapSize                   = 5832780                                {pd product} {ergonomic}
    uintx NonProfiledCodeHeapSize                  = 122912730                              {pd product} {ergonomic}
    uintx ProfiledCodeHeapSize                     = 122912730                              {pd product} {ergonomic}
    uintx ReservedCodeCacheSize                    = 251658240                              {pd product} {ergonomic}
     bool SegmentedCodeCache                       = true                                      {product} {ergonomic}
   size_t SoftMaxHeapSize                          = 3221225472                             {manageable} {ergonomic}
     bool UseCompressedClassPointers               = true                           {product lp64_product} {ergonomic}
     bool UseCompressedOops                        = true                           {product lp64_product} {ergonomic}
     bool UseG1GC                                  = true                                      {product} {ergonomic}
     bool UseLargePagesIndividualAllocation        = false                                  {pd product} {ergonomic}

Logging:
Log output configuration:
 #0: stdout all=warning uptime,level,tags
 #1: stderr all=off uptime,level,tags

Environment Variables:
JAVA_HOME=C:\Program Files\java\jdk-14.0.2
PATH=C:\Program Files (x86)\Seclore\FileSecure\Desktop Client;C:\Program Files (x86)\Seclore\FileSecure\Desktop Client\Upgrade Manager;C:\Program Files (x86)\Seclore\FileSecure\Desktop Client;C:\Program Files (x86)\Seclore\FileSecure\Desktop Client\x64;C:\WINDOWS\system32;C:\WINDOWS;C:\WINDOWS\System32\Wbem;C:\WINDOWS\System32\WindowsPowerShell\v1.0\;C:\Program Files (x86)\Intel\Intel(R) Management Engine Components\DAL;C:\Program Files\Intel\Intel(R) Management Engine Components\DAL;C:\Program Files\Intel\WiFi\bin\;C:\Program Files\Common Files\Intel\WirelessCommon\;C:\Windows\CCM;C:\WINDOWS\System32\OpenSSH\;C:\Programs\Java\bin;C:\WINDOWS\system32;C:\WINDOWS;C:\WINDOWS\System32\Wbem;C:\WINDOWS\System32\WindowsPowerShell\v1.0\;C:\WINDOWS\System32\OpenSSH\;C:\Program Files\Citrix\System32\;C:\Program Files\Citrix\ICAService\;C:\Program Files (x86)\Microsoft SQL Server\Client SDK\ODBC\130\Tools\Binn\;C:\Program Files (x86)\Microsoft SQL Server\140\Tools\Binn\;C:\Program Files (x86)\Microsoft SQL Server\140\DTS\Binn\;C:\Program Files (x86)\Microsoft SQL Server\140\Tools\Binn\ManagementStudio\;C:\Users\10672206\AppData\Local\Microsoft\WindowsApps;C:\Program Files\java\jdk-14.0.2\bin;
USERNAME=10672206
OS=Windows_NT
PROCESSOR_IDENTIFIER=Intel64 Family 6 Model 94 Stepping 3, GenuineIntel



---------------  S Y S T E M  ---------------

OS:
 Windows 10 , 64 bit Build 19041 (10.0.19041.1023)
OS uptime: 6 days 21:27 hours

CPU: total 4 (initial active 4) (4 cores per cpu, 1 threads per core) family 6 model 94 stepping 3 microcode 0xcc, cx8, cmov, fxsr, mmx, 3dnowpref, sse, sse2, sse3, ssse3, sse4.1, sse4.2, popcnt, lzcnt, tsc, tscinvbit, avx, avx2, aes, erms, clmul, bmi1, bmi2, rtm, adx, fma, vzeroupper, clflush, clflushopt

Memory: 4k page, system-wide physical 8071M (3861M free)
TotalPageFile size 20071M (AvailPageFile size 1045M)
current process WorkingSet (physical memory assigned to process): 13M, peak: 13M
current process commit charge ("private bytes"): 52M, peak: 2100M

vm_info: OpenJDK 64-Bit Server VM (16.0.1+9-24) for windows-amd64 JRE (16.0.1+9-24), built on Mar 26 2021 19:30:07 by "mach5one" with MS VC++ 16.7 (VS2019)

END.
